<?xml version="1.0" encoding="UTF-8"?>
<testsuite xmlns:xsi="http://www.w3.org/2001/XMLSchema-instance" xsi:noNamespaceSchemaLocation="https://maven.apache.org/surefire/maven-surefire-plugin/xsd/surefire-test-report.xsd" name="org.etourdot.xincproc.xpointer.XPointerEngineTest" time="1.623" tests="11" errors="0" skipped="0" failures="0">
  <properties>
    <property name="awt.toolkit" value="sun.awt.X11.XToolkit"/>
    <property name="file.encoding.pkg" value="sun.io"/>
    <property name="java.specification.version" value="1.8"/>
    <property name="sun.cpu.isalist" value=""/>
    <property name="sun.jnu.encoding" value="UTF-8"/>
    <property name="java.class.path" value="/home/travis/build/etourdot/xincproc/xpointer/target/test-classes:/home/travis/build/etourdot/xincproc/xpointer/target/classes:/home/travis/.m2/repository/org/antlr/stringtemplate/3.2.1/stringtemplate-3.2.1.jar:/home/travis/.m2/repository/antlr/antlr/2.7.7/antlr-2.7.7.jar:/home/travis/.m2/repository/org/slf4j/slf4j-api/1.7.2/slf4j-api-1.7.2.jar:/home/travis/.m2/repository/com/google/guava/guava/14.0.1/guava-14.0.1.jar:/home/travis/.m2/repository/net/sf/saxon/Saxon-HE/9.5.0.1/Saxon-HE-9.5.0.1.jar:/home/travis/.m2/repository/junit/junit/4.11/junit-4.11.jar:/home/travis/.m2/repository/org/hamcrest/hamcrest-core/1.3/hamcrest-core-1.3.jar:/home/travis/.m2/repository/xmlunit/xmlunit/1.4/xmlunit-1.4.jar:/home/travis/.m2/repository/org/antlr/antlr-runtime/3.4/antlr-runtime-3.4.jar:/home/travis/.m2/repository/org/concordion/concordion/1.4.3/concordion-1.4.3.jar:/home/travis/.m2/repository/org/concordion/concordion-extensions/1.1.0/concordion-extensions-1.1.0.jar:/home/travis/.m2/repository/ognl/ognl/3.0.2/ognl-3.0.2.jar:/home/travis/.m2/repository/javassist/javassist/3.11.0.GA/javassist-3.11.0.GA.jar:/home/travis/.m2/repository/xom/xom/1.2.5/xom-1.2.5.jar:/home/travis/.m2/repository/xml-apis/xml-apis/1.4.01/xml-apis-1.4.01.jar:/home/travis/.m2/repository/xerces/xercesImpl/2.11.0/xercesImpl-2.11.0.jar:/home/travis/.m2/repository/xalan/xalan/2.7.0/xalan-2.7.0.jar:/home/travis/.m2/repository/ch/qos/logback/logback-classic/1.0.6/logback-classic-1.0.6.jar:/home/travis/.m2/repository/ch/qos/logback/logback-core/1.0.6/logback-core-1.0.6.jar:"/>
    <property name="java.vm.vendor" value="Oracle Corporation"/>
    <property name="sun.arch.data.model" value="64"/>
    <property name="java.vendor.url" value="http://java.oracle.com/"/>
    <property name="user.timezone" value=""/>
    <property name="java.vm.specification.version" value="1.8"/>
    <property name="os.name" value="Linux"/>
    <property name="user.country" value="US"/>
    <property name="sun.java.launcher" value="SUN_STANDARD"/>
    <property name="sun.boot.library.path" value="/usr/lib/jvm/java-8-oracle/jre/lib/amd64"/>
    <property name="sun.java.command" value="/home/travis/build/etourdot/xincproc/xpointer/target/surefire/surefirebooter4357090646635487749.jar /home/travis/build/etourdot/xincproc/xpointer/target/surefire 2018-12-15T17-34-54_084-jvmRun1 surefire2852012087428403217tmp surefire_04550645074192561119tmp"/>
    <property name="surefire.test.class.path" value="/home/travis/build/etourdot/xincproc/xpointer/target/test-classes:/home/travis/build/etourdot/xincproc/xpointer/target/classes:/home/travis/.m2/repository/org/antlr/stringtemplate/3.2.1/stringtemplate-3.2.1.jar:/home/travis/.m2/repository/antlr/antlr/2.7.7/antlr-2.7.7.jar:/home/travis/.m2/repository/org/slf4j/slf4j-api/1.7.2/slf4j-api-1.7.2.jar:/home/travis/.m2/repository/com/google/guava/guava/14.0.1/guava-14.0.1.jar:/home/travis/.m2/repository/net/sf/saxon/Saxon-HE/9.5.0.1/Saxon-HE-9.5.0.1.jar:/home/travis/.m2/repository/junit/junit/4.11/junit-4.11.jar:/home/travis/.m2/repository/org/hamcrest/hamcrest-core/1.3/hamcrest-core-1.3.jar:/home/travis/.m2/repository/xmlunit/xmlunit/1.4/xmlunit-1.4.jar:/home/travis/.m2/repository/org/antlr/antlr-runtime/3.4/antlr-runtime-3.4.jar:/home/travis/.m2/repository/org/concordion/concordion/1.4.3/concordion-1.4.3.jar:/home/travis/.m2/repository/org/concordion/concordion-extensions/1.1.0/concordion-extensions-1.1.0.jar:/home/travis/.m2/repository/ognl/ognl/3.0.2/ognl-3.0.2.jar:/home/travis/.m2/repository/javassist/javassist/3.11.0.GA/javassist-3.11.0.GA.jar:/home/travis/.m2/repository/xom/xom/1.2.5/xom-1.2.5.jar:/home/travis/.m2/repository/xml-apis/xml-apis/1.4.01/xml-apis-1.4.01.jar:/home/travis/.m2/repository/xerces/xercesImpl/2.11.0/xercesImpl-2.11.0.jar:/home/travis/.m2/repository/xalan/xalan/2.7.0/xalan-2.7.0.jar:/home/travis/.m2/repository/ch/qos/logback/logback-classic/1.0.6/logback-classic-1.0.6.jar:/home/travis/.m2/repository/ch/qos/logback/logback-core/1.0.6/logback-core-1.0.6.jar:"/>
    <property name="sun.cpu.endian" value="little"/>
    <property name="user.home" value="/home/travis"/>
    <property name="user.language" value="en"/>
    <property name="java.specification.vendor" value="Oracle Corporation"/>
    <property name="java.home" value="/usr/lib/jvm/java-8-oracle/jre"/>
    <property name="basedir" value="/home/travis/build/etourdot/xincproc/xpointer"/>
    <property name="file.separator" value="/"/>
    <property name="line.separator" value="&#10;"/>
    <property name="java.vm.specification.vendor" value="Oracle Corporation"/>
    <property name="java.specification.name" value="Java Platform API Specification"/>
    <property name="java.awt.graphicsenv" value="sun.awt.X11GraphicsEnvironment"/>
    <property name="surefire.real.class.path" value="/home/travis/build/etourdot/xincproc/xpointer/target/surefire/surefirebooter4357090646635487749.jar"/>
    <property name="sun.boot.class.path" value="/usr/lib/jvm/java-8-oracle/jre/lib/resources.jar:/usr/lib/jvm/java-8-oracle/jre/lib/rt.jar:/usr/lib/jvm/java-8-oracle/jre/lib/sunrsasign.jar:/usr/lib/jvm/java-8-oracle/jre/lib/jsse.jar:/usr/lib/jvm/java-8-oracle/jre/lib/jce.jar:/usr/lib/jvm/java-8-oracle/jre/lib/charsets.jar:/usr/lib/jvm/java-8-oracle/jre/lib/jfr.jar:/usr/lib/jvm/java-8-oracle/jre/classes"/>
    <property name="sun.management.compiler" value="HotSpot 64-Bit Tiered Compilers"/>
    <property name="java.runtime.version" value="1.8.0_151-b12"/>
    <property name="user.name" value="travis"/>
    <property name="path.separator" value=":"/>
    <property name="os.version" value="4.4.0-101-generic"/>
    <property name="java.endorsed.dirs" value="/usr/lib/jvm/java-8-oracle/jre/lib/endorsed"/>
    <property name="java.runtime.name" value="Java(TM) SE Runtime Environment"/>
    <property name="file.encoding" value="UTF-8"/>
    <property name="java.vm.name" value="Java HotSpot(TM) 64-Bit Server VM"/>
    <property name="localRepository" value="/home/travis/.m2/repository"/>
    <property name="java.vendor.url.bug" value="http://bugreport.sun.com/bugreport/"/>
    <property name="java.io.tmpdir" value="/tmp"/>
    <property name="java.version" value="1.8.0_151"/>
    <property name="user.dir" value="/home/travis/build/etourdot/xincproc/xpointer"/>
    <property name="os.arch" value="amd64"/>
    <property name="java.vm.specification.name" value="Java Virtual Machine Specification"/>
    <property name="java.awt.printerjob" value="sun.print.PSPrinterJob"/>
    <property name="sun.os.patch.level" value="unknown"/>
    <property name="java.library.path" value="/usr/java/packages/lib/amd64:/usr/lib64:/lib64:/lib:/usr/lib"/>
    <property name="java.vm.info" value="mixed mode"/>
    <property name="java.vendor" value="Oracle Corporation"/>
    <property name="java.vm.version" value="25.151-b12"/>
    <property name="java.ext.dirs" value="/usr/lib/jvm/java-8-oracle/jre/lib/ext:/usr/java/packages/lib/ext"/>
    <property name="sun.io.unicode.encoding" value="UnicodeLittle"/>
    <property name="java.class.version" value="52.0"/>
  </properties>
  <testcase name="testExecuteShortHand" classname="org.etourdot.xincproc.xpointer.XPointerEngineTest" time="0.812"/>
  <testcase name="testExecuteSchema" classname="org.etourdot.xincproc.xpointer.XPointerEngineTest" time="0.073"/>
  <testcase name="testInvalidPointers" classname="org.etourdot.xincproc.xpointer.XPointerEngineTest" time="0.069"/>
  <testcase name="testID" classname="org.etourdot.xincproc.xpointer.XPointerEngineTest" time="0.081"/>
  <testcase name="testExecuteXPath" classname="org.etourdot.xincproc.xpointer.XPointerEngineTest" time="0.038"/>
  <testcase name="testVerifyXPathExpression" classname="org.etourdot.xincproc.xpointer.XPointerEngineTest" time="0.011"/>
  <testcase name="testExecuteBadXPath" classname="org.etourdot.xincproc.xpointer.XPointerEngineTest" time="0.016"/>
  <testcase name="testExecuteBadXmlns" classname="org.etourdot.xincproc.xpointer.XPointerEngineTest" time="0.039"/>
  <testcase name="testExecuteShortHandWithBasefixup1" classname="org.etourdot.xincproc.xpointer.XPointerEngineTest" time="0.043"/>
  <testcase name="testValidPointers" classname="org.etourdot.xincproc.xpointer.XPointerEngineTest" time="0.032"/>
  <testcase name="testExecuteShortHandWithLang" classname="org.etourdot.xincproc.xpointer.XPointerEngineTest" time="0.033"/>
</testsuite>